<?xml version="1.0" encoding="UTF-8" ?>
<testsuite failures="1" time="8.848" errors="0" skipped="0" tests="1" name="com.AggregateStockQuote.StockMultiReqTest">
  <properties>
[...]
</properties>
  <testcase time="8.769" classname="com.AggregateStockQuote.StockMultiReqTest" name="test">
    <failure message="test XML matches control skeleton XML org.custommonkey.xmlunit.Diff
[different] Expected number of child nodes &apos;16&apos; but was &apos;1&apos; - comparing &lt;Stock...&gt; at /StockQuotes[1]/Stock[1] to &lt;Stock...&gt; at /StockQuotes[1]/Stock[1]
" type="junit.framework.AssertionFailedError">junit.framework.AssertionFailedError: test XML matches control skeleton XML org.custommonkey.xmlunit.Diff
[different] Expected number of child nodes &apos;16&apos; but was &apos;1&apos; - comparing &lt;Stock...&gt; at /StockQuotes[1]/Stock[1] to &lt;Stock...&gt; at /StockQuotes[1]/Stock[1]

	at junit.framework.Assert.fail(Assert.java:57)
	at junit.framework.Assert.assertTrue(Assert.java:22)
	at junit.framework.TestCase.assertTrue(TestCase.java:192)
	at com.AggregateStockQuote.StockMultiReqTest.test(StockMultiReqTest.java:50)
	at sun.reflect.NativeMethodAccessorImpl.invoke0(Native Method)
	at sun.reflect.NativeMethodAccessorImpl.invoke(NativeMethodAccessorImpl.java:95)
	at sun.reflect.DelegatingMethodAccessorImpl.invoke(DelegatingMethodAccessorImpl.java:56)
	at java.lang.reflect.Method.invoke(Method.java:620)
	at junit.framework.TestCase.runTest(TestCase.java:176)
	at junit.framework.TestCase.runBare(TestCase.java:141)
	at junit.framework.TestResult$1.protect(TestResult.java:122)
	at junit.framework.TestResult.runProtected(TestResult.java:142)
	at junit.framework.TestResult.run(TestResult.java:125)
	at junit.framework.TestCase.run(TestCase.java:129)
	at junit.framework.TestSuite.runTest(TestSuite.java:252)
	at junit.framework.TestSuite.run(TestSuite.java:247)
	at org.junit.internal.runners.JUnit38ClassRunner.run(JUnit38ClassRunner.java:86)
	at org.apache.maven.surefire.junit4.JUnit4TestSet.execute(JUnit4TestSet.java:53)
	at org.apache.maven.surefire.junit4.JUnit4Provider.executeTestSet(JUnit4Provider.java:123)
	at org.apache.maven.surefire.junit4.JUnit4Provider.invoke(JUnit4Provider.java:104)
	at sun.reflect.NativeMethodAccessorImpl.invoke0(Native Method)
	at sun.reflect.NativeMethodAccessorImpl.invoke(NativeMethodAccessorImpl.java:95)
	at sun.reflect.DelegatingMethodAccessorImpl.invoke(DelegatingMethodAccessorImpl.java:56)
	at java.lang.reflect.Method.invoke(Method.java:620)
	at org.apache.maven.surefire.util.ReflectionUtils.invokeMethodWithArray(ReflectionUtils.java:164)
	at org.apache.maven.surefire.booter.ProviderFactory$ProviderProxy.invoke(ProviderFactory.java:110)
	at org.apache.maven.surefire.booter.SurefireStarter.invokeProvider(SurefireStarter.java:175)
	at org.apache.maven.surefire.booter.SurefireStarter.runSuitesInProcessWhenForked(SurefireStarter.java:107)
	at org.apache.maven.surefire.booter.ForkedBooter.main(ForkedBooter.java:68)
</failure>
  </testcase>
</testsuite>